{'extraCredit': 0,
 'fatalError': False,
 'maxExtraCredit': 0,
 'maxTotalPoints': 20,
 'messages': [],
 'mode': 'auto',
 'parts': [{'description': 'Basic test for create_nqueens_csp for n=8',
            'extraCredit': False,
            'maxPoints': 5,
            'maxSeconds': 1,
            'messages': [],
            'name': '1a-1-basic',
            'points': 5,
            'seconds': 0},
           {'description': 'Basic test for MCV with n-queens CSP',
            'extraCredit': False,
            'maxPoints': 5,
            'maxSeconds': 1,
            'messages': [],
            'name': '1b-1-basic',
            'points': 5,
            'seconds': 0},
           {'description': 'Basic test for AC-3 with n-queens CSP',
            'extraCredit': False,
            'maxPoints': 10,
            'maxSeconds': 1,
            'messages': ["Expected '21', but got '114'",
                         "Expected '769', but got '2057'"],
            'name': '1c-1-basic',
            'points': 0,
            'seconds': 0}],
 'totalPoints': 10}
